MPASM 03.90 Released                             PROJECT1.ASM   3-5-2023  14:23:34         PAGE  1


LOC  OBJECT CODE     LINE SOURCE TEXT
  VALUE

                      00001 ;****************************** ATIVIDADE PRATICA I ***************************
                      00002 ;*******            PRATICA 1 - PISCA LED D6, LED D9 e LED D11           *****
                      00003 ;*****************************************************************************
                      00004 ; Descricao:
                      00005 ;   Esse codigo demonstra como piscar os LED D6, LED D9 e LED D11 em sequencia
                      00006 ; 
                      00007 ; Configuracao do teste:
                      00008 ;     MCU:             PIC16F877A
                      00009 ;                      http://www.microchip.com/wwwproducts/en/en010210
                      00010 
                      00011 ;     Ext. Modulo:     SIMULADOR KIT SENAI PIC 16 (Versão 3.3)
                      00012 ;                      
                      00013 ;      SW:             MPLAB IDE v7.00
                      00014 ;                      http://www.microchip.com/mplab/
                      00015 ; Autor:
                      00016 ; ****** RU 3326662 GILBERTO OLIVEIRA JUNIOR
                      00017 ; ****** CURSO: ENGENHARIA DA COMPUTACAO
                      00018 ; ****** ESCOLA SUPERIOR POLITECNICA UNINTER - BRAZIL 
                      00019 ; ****** Date : feb 2023 
                      00020 ;*********************  Definição do processador *****************************
                      00021 
                      00022         #include p16F877a.inc 
                      00001         LIST
                      00002 ; P16F877A.INC  Standard Header File, Version 1.00    Microchip Technology, Inc.
                      00398         LIST
2007   3F72           00023         __config _HS_OSC & _WDT_OFF & _LVP_OFF & _PWRTE_ON 
                      00024 
                      00025 ;************************** Memória de programa ******************************
0000                  00026         ORG     0                       ;Posiciona o ponteiro para o endereço 0x0 de memória
                      00027 
0000                  00028 RESET                                   ;Bloco de RESET do microcontrolador
0000   0000           00029         NOP             
0001   2804           00030         GOTO   SETUP            ;Pula para o marcador SETUP
                      00031 ;***************************** Interrupção **********************************
0004                  00032         ORG 4 
                      00033         
                      00034 ;*************************** Declaração de variáveis ******************************   
  00000020            00035 DELAY    EQU 0x20
  00000021            00036 VEZES    EQU 0x21
                      00037                 
                      00038 ;*************************** Inicio do programa ***********************************
                      00039 
                      00040 ;*************************** Configurações ****************************************
0004                  00041 SETUP                                   ;Bloco de configuração do microcontrolador
0004   1683           00042         BSF     STATUS,RP0  ;Aciona o Bank1 de memória
0005   3000           00043         MOVLW   b'00000000' ;Carrega '00000000' no registrador W
Message[302]: Register in operand not in bank 0.  Ensure that bank bits are correct.
0006   0085           00044         MOVWF   TRISA       ;Configura PORTA como saída
0007   3000           00045         MOVLW   b'00000000' ;Carrega '00000000' no registrador W
Message[302]: Register in operand not in bank 0.  Ensure that bank bits are correct.
0008   0088           00046         MOVWF   TRISD           ;Configura o PORTD como saída       
0009   1283           00047         BCF     STATUS,RP0  ;Retorna para o Bank0 de memória
000A   1685           00048         BSF     PORTA,5         ;Coloca 5V, nivél lógico 1 no pino RA5 - Enable dos LEDs
MPASM 03.90 Released                             PROJECT1.ASM   3-5-2023  14:23:34         PAGE  2


LOC  OBJECT CODE     LINE SOURCE TEXT
  VALUE

                      00049 ;*************************** Programa principal **********************************
                      00050  
000B                  00051 LOOP                                    ;Bloco do principal do programa         
000B   3001           00052         MOVLW b'00000001'       ;Carrega '00000001' no registrador W; acende LED D6 
000C   0088           00053         MOVWF PORTD                     ;Envia o conteúdo de W para o registrador PORTD colocando  
                      00054                                                 ;nível logico alto (+5V) no pino 19 (RD0)do PORTD
000D   201E           00055         CALL PERDE_TEMPO        ;Chama o procedimento PERDE_TEMPO; acende o LED D6
000E   3000           00056         MOVLW b'00000000'       ;Carrega '00000000' ou 0x00 no registrador W
000F   0088           00057         MOVWF PORTD                     ;Envia o conteúdo de W para o registrador PORTD colocando  
                      00058                                                 ;nível logico baixo (0V) em todos os pinos do PORTD (RD7
                             -> RD0)
0010   201E           00059         CALL PERDE_TEMPO        ;Chama o procedimento PERDE_TEMPO para poder visualizar os
                      00060                                                 ;leds apagados
                      00061 
0011   3008           00062         MOVLW b'00001000'       ;Carrega '00001000' no registrador W; acende LED D9
0012   0088           00063         MOVWF PORTD                     ;Envia o conteúdo de W para o registrador PORTD colocando  
                      00064                                                 ;nível logico alto (+5V) no pino 22 (RD3)do PORTD
0013   201E           00065         CALL PERDE_TEMPO        ;Chama o procedimento PERDE_TEMPO para poder visualizar os
                      00066                                                 ;leds acesos
                      00067 
0014   3000           00068         MOVLW b'00000000'       ;Carrega '00000000' ou 0x00 no registrador W
0015   0088           00069         MOVWF PORTD                     ;Envia o conteúdo de W para o registrador PORTD colocando  
                      00070                                                 ;nível logico baixo (0V) em todos os pinos do PORTD (RD7
                             -> RD0)
0016   201E           00071         CALL PERDE_TEMPO        ;Chama o procedimento PERDE_TEMPO para poder visualizar os
                      00072                                                 ;leds apagados
                      00073 
0017   3020           00074         MOVLW b'00100000'       ;Carrega '00100000' no registrador W; acende LED D11
0018   0088           00075         MOVWF PORTD                     ;Envia o conteúdo de W para o registrador PORTD colocando  
                      00076                                                 ;nível logico alto (+5V) no pino 28 (RD5)do PORTD
0019   201E           00077         CALL PERDE_TEMPO        ;Chama o procedimento PERDE_TEMPO para poder visualizar os
                      00078                                                 ;leds acesos
                      00079 
001A   3000           00080         MOVLW b'00000000'       ;Carrega '00000000' ou 0x00 no registrador W
001B   0088           00081         MOVWF PORTD                     ;Envia o conteúdo de W para o registrador PORTD colocando  
                      00082                                                 ;nível logico baixo (0V) em todos os pinos do PORTD (RD7
                             -> RD0)
001C   201E           00083         CALL PERDE_TEMPO        ;Chama o procedimento PERDE_TEMPO para poder visualizar os
                      00084                                                 ;leds apagados
                      00085         
001D   280B           00086         GOTO LOOP                       ;Manda o programa pular para o inicio do bloco LOOP
                      00087                                                 ;mantendo o programa em execução eterna
                      00088 
001E                  00089 PERDE_TEMPO                             ;Procedimento que força o PIC a perder tempo(delay)
001E   3001           00090         MOVLW d'1'              ;Para gravar no PIC utilizar 80, no simulador SENAI use 1.
001F   00A1           00091         MOVWF VEZES
                      00092         
0020                  00093 LOOP_VEZES
0020   3001           00094         MOVLW d'1'              ;Para gravar no PIC utilizar 255,  no simulador SENAI use 1.
0021   00A0           00095         MOVWF DELAY 
0022   2026           00096         CALL DELAY_US 
Warning[202]: Argument out of range.  Least significant bits used.
0023   0BA1           00097         DECFSZ VEZES,5 
MPASM 03.90 Released                             PROJECT1.ASM   3-5-2023  14:23:34         PAGE  3


LOC  OBJECT CODE     LINE SOURCE TEXT
  VALUE

0024   2820           00098         GOTO LOOP_VEZES 
0025   0008           00099         RETURN
                      00100  
0026                  00101 DELAY_US 
0026   0000           00102         NOP
0027   0000           00103         NOP 
0028   0BA0           00104         DECFSZ DELAY,1 
0029   2826           00105         GOTO DELAY_US 
002A   0008           00106         RETURN 
                      00107 
                      00108         END                                     ;Marcador de última linha do programa
MPASM 03.90 Released                             PROJECT1.ASM   3-5-2023  14:23:34         PAGE  4


SYMBOL TABLE
  LABEL                             VALUE 

ACKDT                             00000005
ACKEN                             00000004
ACKSTAT                           00000006
ADCON0                            0000001F
ADCON1                            0000009F
ADCS0                             00000006
ADCS1                             00000007
ADDEN                             00000003
ADFM                              00000007
ADIE                              00000006
ADIF                              00000006
ADON                              00000000
ADRESH                            0000001E
ADRESL                            0000009E
BCLIE                             00000003
BCLIF                             00000003
BF                                00000000
BRGH                              00000002
C                                 00000000
C1INV                             00000004
C1OUT                             00000006
C2INV                             00000005
C2OUT                             00000007
CCP1CON                           00000017
CCP1IE                            00000002
CCP1IF                            00000002
CCP1M0                            00000000
CCP1M1                            00000001
CCP1M2                            00000002
CCP1M3                            00000003
CCP1X                             00000005
CCP1Y                             00000004
CCP2CON                           0000001D
CCP2IE                            00000000
CCP2IF                            00000000
CCP2M0                            00000000
CCP2M1                            00000001
CCP2M2                            00000002
CCP2M3                            00000003
CCP2X                             00000005
CCP2Y                             00000004
CCPR1H                            00000016
CCPR1L                            00000015
CCPR2H                            0000001C
CCPR2L                            0000001B
CHS0                              00000003
CHS1                              00000004
CHS2                              00000005
CIS                               00000003
CKE                               00000006
CKP                               00000004
CM0                               00000000
CM1                               00000001
MPASM 03.90 Released                             PROJECT1.ASM   3-5-2023  14:23:34         PAGE  5


SYMBOL TABLE
  LABEL                             VALUE 

CM2                               00000002
CMCON                             0000009C
CMIE                              00000006
CMIF                              00000006
CREN                              00000004
CSRC                              00000007
CVR0                              00000000
CVR1                              00000001
CVR2                              00000002
CVR3                              00000003
CVRCON                            0000009D
CVREN                             00000007
CVROE                             00000006
CVRR                              00000005
D                                 00000005
DATA_ADDRESS                      00000005
DC                                00000001
DELAY                             00000020
DELAY_US                          00000026
D_A                               00000005
EEADR                             0000010D
EEADRH                            0000010F
EECON1                            0000018C
EECON2                            0000018D
EEDATA                            0000010C
EEDATH                            0000010E
EEIE                              00000004
EEIF                              00000004
EEPGD                             00000007
F                                 00000001
FERR                              00000002
FSR                               00000004
GCEN                              00000007
GIE                               00000007
GO                                00000002
GO_DONE                           00000002
I2C_DATA                          00000005
I2C_READ                          00000002
I2C_START                         00000003
I2C_STOP                          00000004
IBF                               00000007
IBOV                              00000005
INDF                              00000000
INTCON                            0000000B
INTE                              00000004
INTEDG                            00000006
INTF                              00000001
IRP                               00000007
LOOP                              0000000B
LOOP_VEZES                        00000020
NOT_A                             00000005
NOT_ADDRESS                       00000005
NOT_BO                            00000000
MPASM 03.90 Released                             PROJECT1.ASM   3-5-2023  14:23:34         PAGE  6


SYMBOL TABLE
  LABEL                             VALUE 

NOT_BOR                           00000000
NOT_DONE                          00000002
NOT_PD                            00000003
NOT_POR                           00000001
NOT_RBPU                          00000007
NOT_RC8                           00000006
NOT_T1SYNC                        00000002
NOT_TO                            00000004
NOT_TX8                           00000006
NOT_W                             00000002
NOT_WRITE                         00000002
OBF                               00000006
OERR                              00000001
OPTION_REG                        00000081
P                                 00000004
PCFG0                             00000000
PCFG1                             00000001
PCFG2                             00000002
PCFG3                             00000003
PCL                               00000002
PCLATH                            0000000A
PCON                              0000008E
PEIE                              00000006
PEN                               00000002
PERDE_TEMPO                       0000001E
PIE1                              0000008C
PIE2                              0000008D
PIR1                              0000000C
PIR2                              0000000D
PORTA                             00000005
PORTB                             00000006
PORTC                             00000007
PORTD                             00000008
PORTE                             00000009
PR2                               00000092
PS0                               00000000
PS1                               00000001
PS2                               00000002
PSA                               00000003
PSPIE                             00000007
PSPIF                             00000007
PSPMODE                           00000004
R                                 00000002
RBIE                              00000003
RBIF                              00000000
RC8_9                             00000006
RC9                               00000006
RCD8                              00000000
RCEN                              00000003
RCIE                              00000005
RCIF                              00000005
RCREG                             0000001A
RCSTA                             00000018
MPASM 03.90 Released                             PROJECT1.ASM   3-5-2023  14:23:34         PAGE  7


SYMBOL TABLE
  LABEL                             VALUE 

RD                                00000000
READ_WRITE                        00000002
RESET                             00000000
RP0                               00000005
RP1                               00000006
RSEN                              00000001
RX9                               00000006
RX9D                              00000000
R_W                               00000002
S                                 00000003
SEN                               00000000
SETUP                             00000004
SMP                               00000007
SPBRG                             00000099
SPEN                              00000007
SREN                              00000005
SSPADD                            00000093
SSPBUF                            00000013
SSPCON                            00000014
SSPCON2                           00000091
SSPEN                             00000005
SSPIE                             00000003
SSPIF                             00000003
SSPM0                             00000000
SSPM1                             00000001
SSPM2                             00000002
SSPM3                             00000003
SSPOV                             00000006
SSPSTAT                           00000094
STATUS                            00000003
SYNC                              00000004
T0CS                              00000005
T0IE                              00000005
T0IF                              00000002
T0SE                              00000004
T1CKPS0                           00000004
T1CKPS1                           00000005
T1CON                             00000010
T1INSYNC                          00000002
T1OSCEN                           00000003
T1SYNC                            00000002
T2CKPS0                           00000000
T2CKPS1                           00000001
T2CON                             00000012
TMR0                              00000001
TMR0IE                            00000005
TMR0IF                            00000002
TMR1CS                            00000001
TMR1H                             0000000F
TMR1IE                            00000000
TMR1IF                            00000000
TMR1L                             0000000E
TMR1ON                            00000000
MPASM 03.90 Released                             PROJECT1.ASM   3-5-2023  14:23:34         PAGE  8


SYMBOL TABLE
  LABEL                             VALUE 

TMR2                              00000011
TMR2IE                            00000001
TMR2IF                            00000001
TMR2ON                            00000002
TOUTPS0                           00000003
TOUTPS1                           00000004
TOUTPS2                           00000005
TOUTPS3                           00000006
TRISA                             00000085
TRISB                             00000086
TRISC                             00000087
TRISD                             00000088
TRISE                             00000089
TRISE0                            00000000
TRISE1                            00000001
TRISE2                            00000002
TRMT                              00000001
TX8_9                             00000006
TX9                               00000006
TX9D                              00000000
TXD8                              00000000
TXEN                              00000005
TXIE                              00000004
TXIF                              00000004
TXREG                             00000019
TXSTA                             00000098
UA                                00000001
VEZES                             00000021
W                                 00000000
WCOL                              00000007
WR                                00000001
WREN                              00000002
WRERR                             00000003
Z                                 00000002
_BODEN_OFF                        00003FBF
_BODEN_ON                         00003FFF
_CPD_OFF                          00003FFF
_CPD_ON                           00003EFF
_CP_ALL                           00001FFF
_CP_OFF                           00003FFF
_DEBUG_OFF                        00003FFF
_DEBUG_ON                         000037FF
_HS_OSC                           00003FFE
_LP_OSC                           00003FFC
_LVP_OFF                          00003F7F
_LVP_ON                           00003FFF
_PWRTE_OFF                        00003FFF
_PWRTE_ON                         00003FF7
_RC_OSC                           00003FFF
_WDT_OFF                          00003FFB
_WDT_ON                           00003FFF
_WRT_1FOURTH                      00003BFF
_WRT_256                          00003DFF
MPASM 03.90 Released                             PROJECT1.ASM   3-5-2023  14:23:34         PAGE  9


SYMBOL TABLE
  LABEL                             VALUE 

_WRT_HALF                         000039FF
_WRT_OFF                          00003FFF
_XT_OSC                           00003FFD
__16F877A                         00000001


MEMORY USAGE MAP ('X' = Used,  '-' = Unused)

0000 : XX--XXXXXXXXXXXX XXXXXXXXXXXXXXXX XXXXXXXXXXX----- ----------------
2000 : -------X-------- ---------------- ---------------- ----------------

All other memory blocks unused.

Program Memory Words Used:    41
Program Memory Words Free:  8151


Errors   :     0
Warnings :     1 reported,     0 suppressed
Messages :     2 reported,     0 suppressed

